<?xml version="1.0" encoding="UTF-8"?>
<testsuites name="jest tests" tests="254" failures="0" errors="0" time="1.229">
  <testsuite name="Widget/Goodreads/RecentlyReadBooks" errors="0" failures="0" skipped="0" timestamp="2025-06-11T04:26:01" time="0.411" tests="3">
    <testcase classname="src/components/widgets/goodreads/recently-read-books.spec.js" name="Widget/Goodreads/RecentlyReadBooks loading state renders a placeholder for each book expected to render" time="0.018">
    </testcase>
    <testcase classname="src/components/widgets/goodreads/recently-read-books.spec.js" name="Widget/Goodreads/RecentlyReadBooks success sate renders a headline and paragraph text for the widget" time="0.025">
    </testcase>
    <testcase classname="src/components/widgets/goodreads/recently-read-books.spec.js" name="Widget/Goodreads/RecentlyReadBooks success sate renders thumbnails using the image cdn urls" time="0.012">
    </testcase>
  </testsuite>
  <testsuite name="Button" errors="0" failures="0" skipped="0" timestamp="2025-06-11T04:26:01" time="0.415" tests="3">
    <testcase classname="src/components/button.spec.js" name="Button renders a button with default variant (primary)" time="0.032">
    </testcase>
    <testcase classname="src/components/button.spec.js" name="Button renders a button with the secondary variant" time="0.016">
    </testcase>
    <testcase classname="src/components/button.spec.js" name="Button passes additional props to the button element" time="0.007">
    </testcase>
  </testsuite>
  <testsuite name="FlickrWidgetItem" errors="0" failures="0" skipped="0" timestamp="2025-06-11T04:26:01" time="0.449" tests="9">
    <testcase classname="src/components/widgets/flickr/flickr-widget-item.spec.js" name="FlickrWidgetItem matches the snapshot" time="0.017">
    </testcase>
    <testcase classname="src/components/widgets/flickr/flickr-widget-item.spec.js" name="FlickrWidgetItem renders the image with correct alt text and source" time="0.003">
    </testcase>
    <testcase classname="src/components/widgets/flickr/flickr-widget-item.spec.js" name="FlickrWidgetItem calls handleClick with the correct index when the button is clicked" time="0.016">
    </testcase>
    <testcase classname="src/components/widgets/flickr/flickr-widget-item.spec.js" name="FlickrWidgetItem handles missing photo data gracefully" time="0.003">
    </testcase>
    <testcase classname="src/components/widgets/flickr/flickr-widget-item.spec.js" name="FlickrWidgetItem applies correct styling classes and theme variants" time="0.007">
    </testcase>
    <testcase classname="src/components/widgets/flickr/flickr-widget-item.spec.js" name="FlickrWidgetItem handles missing photo prop gracefully" time="0.012">
    </testcase>
    <testcase classname="src/components/widgets/flickr/flickr-widget-item.spec.js" name="FlickrWidgetItem handles null photo prop gracefully" time="0.003">
    </testcase>
    <testcase classname="src/components/widgets/flickr/flickr-widget-item.spec.js" name="FlickrWidgetItem handles missing handleClick prop gracefully" time="0.002">
    </testcase>
    <testcase classname="src/components/widgets/flickr/flickr-widget-item.spec.js" name="FlickrWidgetItem handles missing index prop gracefully" time="0.002">
    </testcase>
  </testsuite>
  <testsuite name="Category Component" errors="0" failures="0" skipped="0" timestamp="2025-06-11T04:26:01" time="0.424" tests="12">
    <testcase classname="src/components/category.spec.js" name="Category Component Category Mappings renders &quot;Travel Photography&quot; when type is &quot;photography/travel&quot;" time="0.012">
    </testcase>
    <testcase classname="src/components/category.spec.js" name="Category Component Category Mappings renders &quot;Event Photography&quot; when type is &quot;photography/events&quot;" time="0.002">
    </testcase>
    <testcase classname="src/components/category.spec.js" name="Category Component Category Mappings renders &quot;Piano Covers&quot; when type is &quot;music/piano-covers&quot;" time="0.001">
    </testcase>
    <testcase classname="src/components/category.spec.js" name="Category Component Category Mappings renders &quot;Cycling Videos&quot; when type is &quot;videos/bike-rides&quot;" time="0.001">
    </testcase>
    <testcase classname="src/components/category.spec.js" name="Category Component Title Case Transformation converts hyphenated words to title case" time="0.002">
    </testcase>
    <testcase classname="src/components/category.spec.js" name="Category Component Title Case Transformation converts slash-separated words to title case" time="0.001">
    </testcase>
    <testcase classname="src/components/category.spec.js" name="Category Component Title Case Transformation handles mixed case input" time="0">
    </testcase>
    <testcase classname="src/components/category.spec.js" name="Category Component Title Case Transformation handles single word categories" time="0.001">
    </testcase>
    <testcase classname="src/components/category.spec.js" name="Category Component Title Case Transformation handles multiple separators" time="0.001">
    </testcase>
    <testcase classname="src/components/category.spec.js" name="Category Component Component Styling applies the passed sx styles to the Themed.div" time="0.014">
    </testcase>
    <testcase classname="src/components/category.spec.js" name="Category Component Component Styling applies light mode styles by default" time="0.008">
    </testcase>
    <testcase classname="src/components/category.spec.js" name="Category Component Component Styling applies dark mode styles when theme is dark" time="0.004">
    </testcase>
  </testsuite>
  <testsuite name="HomeTemplate" errors="0" failures="0" skipped="0" timestamp="2025-06-11T04:26:01" time="0.466" tests="7">
    <testcase classname="src/templates/home.spec.js" name="HomeTemplate renders correctly with given data" time="0.044">
    </testcase>
    <testcase classname="src/templates/home.spec.js" name="HomeTemplate renders HomeNavigation component" time="0.011">
    </testcase>
    <testcase classname="src/templates/home.spec.js" name="HomeTemplate renders HomeWidgets component" time="0.005">
    </testcase>
    <testcase classname="src/templates/home.spec.js" name="HomeTemplate renders the Footer component" time="0.007">
    </testcase>
    <testcase classname="src/templates/home.spec.js" name="HomeTemplate passes hideFooter and disableMainWrapper props to Layout" time="0.003">
    </testcase>
    <testcase classname="src/templates/home.spec.js" name="Head renders SEO component with correct metadata" time="0.006">
    </testcase>
    <testcase classname="src/templates/home.spec.js" name="Head injects structured data (JSON-LD) correctly" time="0.002">
    </testcase>
  </testsuite>
  <testsuite name="Goodreads Widget" errors="0" failures="0" skipped="0" timestamp="2025-06-11T04:26:01" time="0.43" tests="1">
    <testcase classname="src/components/widgets/goodreads/goodreads-widget.spec.js" name="Goodreads Widget matches the loading state snapshot" time="0.043">
    </testcase>
  </testsuite>
  <testsuite name="gatsby-ssr" errors="0" failures="0" skipped="0" timestamp="2025-06-11T04:26:01" time="0.441" tests="2">
    <testcase classname="gatsby-ssr.spec.js" name="gatsby-ssr exports wrapRootElement" time="0.002">
    </testcase>
    <testcase classname="gatsby-ssr.spec.js" name="gatsby-ssr sets html lang attribute and injects the color mode script" time="0.008">
    </testcase>
  </testsuite>
  <testsuite name="HomeNavigation" errors="0" failures="0" skipped="0" timestamp="2025-06-11T04:26:01" time="0.488" tests="5">
    <testcase classname="src/components/home-navigation.spec.js" name="HomeNavigation renders all links when all widgets are enabled" time="0.031">
    </testcase>
    <testcase classname="src/components/home-navigation.spec.js" name="HomeNavigation renders only mandatory links when no widgets are enabled" time="0.003">
    </testcase>
    <testcase classname="src/components/home-navigation.spec.js" name="HomeNavigation highlights the active section on scroll" time="0.005">
    </testcase>
    <testcase classname="src/components/home-navigation.spec.js" name="HomeNavigation does not break when an invalid icon is provided" time="0.03">
    </testcase>
    <testcase classname="src/components/home-navigation.spec.js" name="HomeNavigation renders the correct aria-label for navigation" time="0.003">
    </testcase>
  </testsuite>
  <testsuite name="HomeWidgets" errors="0" failures="0" skipped="0" timestamp="2025-06-11T04:26:01" time="0.489" tests="5">
    <testcase classname="src/components/home-widgets.spec.js" name="HomeWidgets renders RecentPosts widget by default" time="0.017">
    </testcase>
    <testcase classname="src/components/home-widgets.spec.js" name="HomeWidgets renders GitHub widget if githubDataSource is true" time="0.001">
    </testcase>
    <testcase classname="src/components/home-widgets.spec.js" name="HomeWidgets renders Goodreads widget if goodreadsDataSource is true" time="0.004">
    </testcase>
    <testcase classname="src/components/home-widgets.spec.js" name="HomeWidgets renders Instagram and Spotify widgets if both data sources are true" time="0.001">
    </testcase>
    <testcase classname="src/components/home-widgets.spec.js" name="HomeWidgets does not render any widgets if all data sources are false" time="0.002">
    </testcase>
  </testsuite>
  <testsuite name="404 Page" errors="0" failures="0" skipped="0" timestamp="2025-06-11T04:26:01" time="0.508" tests="3">
    <testcase classname="src/pages/404.spec.js" name="404 Page renders correctly" time="0.064">
    </testcase>
    <testcase classname="src/pages/404.spec.js" name="404 Page renders the Lottie animation after hydration" time="0.027">
    </testcase>
    <testcase classname="src/pages/404.spec.js" name="404 Page renders the Layout component" time="0.006">
    </testcase>
  </testsuite>
  <testsuite name="InstagramWidgetItem" errors="0" failures="0" skipped="0" timestamp="2025-06-11T04:26:01" time="0.478" tests="6">
    <testcase classname="src/components/widgets/instagram/instagram-widget-item.spec.js" name="InstagramWidgetItem matches the snapshot" time="0.015">
    </testcase>
    <testcase classname="src/components/widgets/instagram/instagram-widget-item.spec.js" name="InstagramWidgetItem renders the image with correct alt text and source" time="0.002">
    </testcase>
    <testcase classname="src/components/widgets/instagram/instagram-widget-item.spec.js" name="InstagramWidgetItem calls handleClick when the button is clicked" time="0.03">
    </testcase>
    <testcase classname="src/components/widgets/instagram/instagram-widget-item.spec.js" name="InstagramWidgetItem displays the carousel icon when mediaType is CAROUSEL_ALBUM" time="0.018">
    </testcase>
    <testcase classname="src/components/widgets/instagram/instagram-widget-item.spec.js" name="InstagramWidgetItem displays the video icon when mediaType is VIDEO" time="0.002">
    </testcase>
    <testcase classname="src/components/widgets/instagram/instagram-widget-item.spec.js" name="InstagramWidgetItem does not display any icon when mediaType is IMAGE" time="0.001">
    </testcase>
  </testsuite>
  <testsuite name="TopNavigation" errors="0" failures="0" skipped="0" timestamp="2025-06-11T04:26:01" time="0.084" tests="1">
    <testcase classname="src/components/top-navigation.spec.js" name="TopNavigation matches the snapshot" time="0.028">
    </testcase>
  </testsuite>
  <testsuite name="LazyLoad" errors="0" failures="0" skipped="0" timestamp="2025-06-11T04:26:02" time="0.064" tests="5">
    <testcase classname="src/components/lazy-load.spec.js" name="LazyLoad renders the default placeholder initially" time="0.002">
    </testcase>
    <testcase classname="src/components/lazy-load.spec.js" name="LazyLoad renders the children when visible" time="0.001">
    </testcase>
    <testcase classname="src/components/lazy-load.spec.js" name="LazyLoad renders the custom placeholder when provided" time="0.001">
    </testcase>
    <testcase classname="src/components/lazy-load.spec.js" name="LazyLoad does not re-render children if already visible" time="0.001">
    </testcase>
    <testcase classname="src/components/lazy-load.spec.js" name="LazyLoad does not render children when visibility remains false" time="0">
    </testcase>
  </testsuite>
  <testsuite name="UserProfile" errors="0" failures="0" skipped="0" timestamp="2025-06-11T04:26:01" time="0.125" tests="3">
    <testcase classname="src/components/widgets/goodreads/user-profile.spec.js" name="UserProfile renders user profile in light mode" time="0.052">
    </testcase>
    <testcase classname="src/components/widgets/goodreads/user-profile.spec.js" name="UserProfile renders user profile in dark mode" time="0.01">
    </testcase>
    <testcase classname="src/components/widgets/goodreads/user-profile.spec.js" name="UserProfile renders empty message when no favorite books are available" time="0.002">
    </testcase>
  </testsuite>
  <testsuite name="Footer" errors="0" failures="0" skipped="0" timestamp="2025-06-11T04:26:01" time="0.09" tests="5">
    <testcase classname="src/components/footer/footer.spec.js" name="Footer renders footer text when available" time="0.016">
    </testcase>
    <testcase classname="src/components/footer/footer.spec.js" name="Footer renders the Profiles component" time="0.002">
    </testcase>
    <testcase classname="src/components/footer/footer.spec.js" name="Footer renders the Subscribe via RSS link" time="0.002">
    </testcase>
    <testcase classname="src/components/footer/footer.spec.js" name="Footer renders the Privacy Policy link" time="0.008">
    </testcase>
    <testcase classname="src/components/footer/footer.spec.js" name="Footer does not render footer text if none is available" time="0.012">
    </testcase>
  </testsuite>
  <testsuite name="AnimatedBackground" errors="0" failures="0" skipped="0" timestamp="2025-06-11T04:26:01" time="0.133" tests="8">
    <testcase classname="src/components/animated-background.spec.js" name="AnimatedBackground renders without crashing" time="0.006">
    </testcase>
    <testcase classname="src/components/animated-background.spec.js" name="AnimatedBackground renders the canvas and overlay div correctly" time="0.004">
    </testcase>
    <testcase classname="src/components/animated-background.spec.js" name="AnimatedBackground sets up and tears down window resize event listeners" time="0.01">
    </testcase>
    <testcase classname="src/components/animated-background.spec.js" name="AnimatedBackground initializes canvas size and gradient drawing" time="0.005">
    </testcase>
    <testcase classname="src/components/animated-background.spec.js" name="AnimatedBackground uses requestAnimationFrame to animate" time="0.002">
    </testcase>
    <testcase classname="src/components/animated-background.spec.js" name="AnimatedBackground handles missing canvas gracefully" time="0.002">
    </testcase>
    <testcase classname="src/components/animated-background.spec.js" name="AnimatedBackground resizes canvas on window resize" time="0.002">
    </testcase>
    <testcase classname="src/components/animated-background.spec.js" name="AnimatedBackground tests Circle class behavior" time="0.014">
    </testcase>
  </testsuite>
  <testsuite name="RecentPostsWidget" errors="0" failures="0" skipped="0" timestamp="2025-06-11T04:26:01" time="0.203" tests="3">
    <testcase classname="src/components/widgets/recent-posts/recent-posts-widget.spec.js" name="RecentPostsWidget renders a grid with one post" time="0.029">
    </testcase>
    <testcase classname="src/components/widgets/recent-posts/recent-posts-widget.spec.js" name="RecentPostsWidget renders a grid with two posts" time="0.004">
    </testcase>
    <testcase classname="src/components/widgets/recent-posts/recent-posts-widget.spec.js" name="RecentPostsWidget renders a grid with three or more posts" time="0.016">
    </testcase>
  </testsuite>
  <testsuite name="GitHub Repository Renderer" errors="0" failures="0" skipped="0" timestamp="2025-06-11T04:26:02" time="0.046" tests="1">
    <testcase classname="src/components/widgets/github/renderers/repository.spec.js" name="GitHub Repository Renderer matches the snapshot" time="0.006">
    </testcase>
  </testsuite>
  <testsuite name="Spotify Widget" errors="0" failures="0" skipped="0" timestamp="2025-06-11T04:26:01" time="0.174" tests="1">
    <testcase classname="src/components/widgets/spotify/spotify-widget.spec.js" name="Spotify Widget matches the loading state snapshot" time="0.047">
    </testcase>
  </testsuite>
  <testsuite name="Playlists Component" errors="0" failures="0" skipped="0" timestamp="2025-06-11T04:26:01" time="0.098" tests="7">
    <testcase classname="src/components/widgets/spotify/playlists.spec.js" name="Playlists Component renders playlists correctly when not loading" time="0.009">
    </testcase>
    <testcase classname="src/components/widgets/spotify/playlists.spec.js" name="Playlists Component limits playlists to 12 items" time="0.001">
    </testcase>
    <testcase classname="src/components/widgets/spotify/playlists.spec.js" name="Playlists Component skips invalid playlists" time="0.001">
    </testcase>
    <testcase classname="src/components/widgets/spotify/playlists.spec.js" name="Playlists Component passes isLoading prop to MediaItemGrid" time="0.001">
    </testcase>
    <testcase classname="src/components/widgets/spotify/playlists.spec.js" name="Playlists Component handles an empty playlists array" time="0.001">
    </testcase>
    <testcase classname="src/components/widgets/spotify/playlists.spec.js" name="Playlists Component handles playlists with no image or no tracks" time="0">
    </testcase>
    <testcase classname="src/components/widgets/spotify/playlists.spec.js" name="Playlists Component matches snapshot with various playlist scenarios" time="0.004">
    </testcase>
  </testsuite>
  <testsuite name="Profiles" errors="0" failures="0" skipped="0" timestamp="2025-06-11T04:26:01" time="0.18" tests="1">
    <testcase classname="src/components/footer/profiles.spec.js" name="Profiles matches the snapshot" time="0.035">
    </testcase>
  </testsuite>
  <testsuite name="InstagramWidget" errors="0" failures="0" skipped="0" timestamp="2025-06-11T04:26:01" time="0.659" tests="8">
    <testcase classname="src/components/widgets/instagram/instagram-widget.spec.js" name="InstagramWidget renders without crashing" time="0.097">
    </testcase>
    <testcase classname="src/components/widgets/instagram/instagram-widget.spec.js" name="InstagramWidget renders placeholders when isLoading is true" time="0.018">
    </testcase>
    <testcase classname="src/components/widgets/instagram/instagram-widget.spec.js" name="InstagramWidget renders media items when isLoading is false" time="0.006">
    </testcase>
    <testcase classname="src/components/widgets/instagram/instagram-widget.spec.js" name="InstagramWidget toggles between &quot;Show More&quot; and &quot;Show Less&quot;" time="0.011">
    </testcase>
    <testcase classname="src/components/widgets/instagram/instagram-widget.spec.js" name="InstagramWidget opens LightGallery when handleClick is called" time="0.008">
    </testcase>
    <testcase classname="src/components/widgets/instagram/instagram-widget.spec.js" name="InstagramWidget calls VanillaTilt.init when isShowingMore or !isLoading is true" time="0.011">
    </testcase>
    <testcase classname="src/components/widgets/instagram/instagram-widget.spec.js" name="InstagramWidget assigns lightGalleryRef correctly on initialization" time="0.004">
    </testcase>
    <testcase classname="src/components/widgets/instagram/instagram-widget.spec.js" name="InstagramWidget passes video object to LightGallery when mediaType is VIDEO and mediaURL is present" time="0.026">
    </testcase>
  </testsuite>
  <testsuite name="Layout" errors="0" failures="0" skipped="0" timestamp="2025-06-11T04:26:02" time="0.135" tests="1">
    <testcase classname="src/components/layout.spec.js" name="Layout matches the snapshot" time="0.013">
    </testcase>
  </testsuite>
  <testsuite name="AudioPlayer" errors="0" failures="0" skipped="0" timestamp="2025-06-11T04:26:02" time="0.058" tests="2">
    <testcase classname="src/components/audio-player.spec.js" name="AudioPlayer renders and cleans up the portal container" time="0.01">
    </testcase>
    <testcase classname="src/components/audio-player.spec.js" name="AudioPlayer matches snapshot when visible" time="0.006">
    </testcase>
  </testsuite>
  <testsuite name="GitHub Widget" errors="0" failures="0" skipped="0" timestamp="2025-06-11T04:26:01" time="0.25" tests="1">
    <testcase classname="src/components/widgets/github/github-widget.spec.js" name="GitHub Widget matches the loading state snapshot" time="0.06">
    </testcase>
  </testsuite>
  <testsuite name="Header" errors="0" failures="0" skipped="0" timestamp="2025-06-11T04:26:02" time="0.073" tests="1">
    <testcase classname="src/components/header.spec.js" name="Header matches the snapshot" time="0.013">
    </testcase>
  </testsuite>
  <testsuite name="Widget/GitHub/LastPullRequest" errors="0" failures="0" skipped="0" timestamp="2025-06-11T04:26:02" time="0.076" tests="2">
    <testcase classname="src/components/widgets/github/last-pull-request.spec.js" name="Widget/GitHub/LastPullRequest snapshots matches the loading state snapshot" time="0.005">
    </testcase>
    <testcase classname="src/components/widgets/github/last-pull-request.spec.js" name="Widget/GitHub/LastPullRequest snapshots matches the repository variant snapshot" time="0.011">
    </testcase>
  </testsuite>
  <testsuite name="Theme Configuration" errors="0" failures="0" skipped="0" timestamp="2025-06-11T04:26:02" time="0.029" tests="24">
    <testcase classname="src/gatsby-plugin-theme-ui/theme.spec.js" name="Theme Configuration a snapshot of the configuration matches the snapshot" time="0.001">
    </testcase>
    <testcase classname="src/gatsby-plugin-theme-ui/theme.spec.js" name="Theme Configuration general configurations merges with Tailwind preset" time="0.001">
    </testcase>
    <testcase classname="src/gatsby-plugin-theme-ui/theme.spec.js" name="Theme Configuration general configurations defaults the color mode to dark" time="0">
    </testcase>
    <testcase classname="src/gatsby-plugin-theme-ui/theme.spec.js" name="Theme Configuration font definitions defines sans-serif fonts correctly" time="0">
    </testcase>
    <testcase classname="src/gatsby-plugin-theme-ui/theme.spec.js" name="Theme Configuration font definitions defines serif fonts correctly" time="0">
    </testcase>
    <testcase classname="src/gatsby-plugin-theme-ui/theme.spec.js" name="Theme Configuration font definitions defines monospace fonts correctly" time="0">
    </testcase>
    <testcase classname="src/gatsby-plugin-theme-ui/theme.spec.js" name="Theme Configuration GradientBanner styles defines the GradientBanner styles" time="0.001">
    </testcase>
    <testcase classname="src/gatsby-plugin-theme-ui/theme.spec.js" name="Theme Configuration GradientBanner styles verifies @keyframes highlight definition" time="0">
    </testcase>
    <testcase classname="src/gatsby-plugin-theme-ui/theme.spec.js" name="Theme Configuration PostCard styles applies PostCard base styles" time="0">
    </testcase>
    <testcase classname="src/gatsby-plugin-theme-ui/theme.spec.js" name="Theme Configuration PostCard styles integrates floatOnHover into PostCard" time="0">
    </testcase>
    <testcase classname="src/gatsby-plugin-theme-ui/theme.spec.js" name="Theme Configuration PostCard styles integrates glassmorphismPanel into PostCard" time="0">
    </testcase>
    <testcase classname="src/gatsby-plugin-theme-ui/theme.spec.js" name="Theme Configuration PostCard styles defines PostCard hover styles for .read-more-icon" time="0">
    </testcase>
    <testcase classname="src/gatsby-plugin-theme-ui/theme.spec.js" name="Theme Configuration Card styles and variants defines primary card styles" time="0">
    </testcase>
    <testcase classname="src/gatsby-plugin-theme-ui/theme.spec.js" name="Theme Configuration Card styles and variants defines actionCard with dynamic borderLeft" time="0">
    </testcase>
    <testcase classname="src/gatsby-plugin-theme-ui/theme.spec.js" name="Theme Configuration Card styles and variants tests metricCard nested span styles" time="0.001">
    </testcase>
    <testcase classname="src/gatsby-plugin-theme-ui/theme.spec.js" name="Theme Configuration Card styles and variants defines UserProfile card styles dynamically" time="0">
    </testcase>
    <testcase classname="src/gatsby-plugin-theme-ui/theme.spec.js" name="Theme Configuration Card styles and variants tests StatusCardDark styles" time="0">
    </testcase>
    <testcase classname="src/gatsby-plugin-theme-ui/theme.spec.js" name="Theme Configuration color mode configurations defines light mode background colors" time="0">
    </testcase>
    <testcase classname="src/gatsby-plugin-theme-ui/theme.spec.js" name="Theme Configuration color mode configurations defines dark mode background colors" time="0">
    </testcase>
    <testcase classname="src/gatsby-plugin-theme-ui/theme.spec.js" name="Theme Configuration responsive layout defines container styles" time="0">
    </testcase>
    <testcase classname="src/gatsby-plugin-theme-ui/theme.spec.js" name="Theme Configuration button and badge variants defines button variants" time="0">
    </testcase>
    <testcase classname="src/gatsby-plugin-theme-ui/theme.spec.js" name="Theme Configuration button and badge variants defines badge variants" time="0">
    </testcase>
    <testcase classname="src/gatsby-plugin-theme-ui/theme.spec.js" name="Theme Configuration GitHubCardFooter styles defines display and justify content" time="0">
    </testcase>
    <testcase classname="src/gatsby-plugin-theme-ui/theme.spec.js" name="Theme Configuration VideoWrapper styles defines wrapper and iframe styles" time="0.007">
    </testcase>
  </testsuite>
  <testsuite name="PageHeader" errors="0" failures="0" skipped="0" timestamp="2025-06-11T04:26:02" time="0.129" tests="2">
    <testcase classname="src/components/blog/page-header.spec.js" name="PageHeader renders correctly with given children" time="0.012">
    </testcase>
    <testcase classname="src/components/blog/page-header.spec.js" name="PageHeader matches snapshot" time="0.004">
    </testcase>
  </testsuite>
  <testsuite name="Widget/GitHub/PinnedItems" errors="0" failures="0" skipped="0" timestamp="2025-06-11T04:26:02" time="0.049" tests="2">
    <testcase classname="src/components/widgets/github/pinned-items.spec.js" name="Widget/GitHub/PinnedItems snapshots matches the placeholder snapshot" time="0.005">
    </testcase>
    <testcase classname="src/components/widgets/github/pinned-items.spec.js" name="Widget/GitHub/PinnedItems snapshots matches the successful state" time="0.001">
    </testcase>
  </testsuite>
  <testsuite name="useRecentPosts" errors="0" failures="0" skipped="0" timestamp="2025-06-11T04:26:02" time="0.036" tests="1">
    <testcase classname="src/hooks/use-recent.posts.spec.js" name="useRecentPosts returns the latest posts" time="0.003">
    </testcase>
  </testsuite>
  <testsuite name="Widget/GitHub/PinnedItemCard" errors="0" failures="0" skipped="0" timestamp="2025-06-11T04:26:02" time="0.094" tests="2">
    <testcase classname="src/components/widgets/github/pinned-item-card.spec.js" name="Widget/GitHub/PinnedItemCard snapshots matches the placeholder snapshot" time="0.005">
    </testcase>
    <testcase classname="src/components/widgets/github/pinned-item-card.spec.js" name="Widget/GitHub/PinnedItemCard snapshots matches the repository variant snapshot" time="0.018">
    </testcase>
  </testsuite>
  <testsuite name="SteamWidget" errors="0" failures="0" skipped="0" timestamp="2025-06-11T04:26:02" time="0.04" tests="3">
    <testcase classname="src/components/widgets/steam/steam-widget.spec.js" name="SteamWidget renders correctly with sample data" time="0.002">
    </testcase>
    <testcase classname="src/components/widgets/steam/steam-widget.spec.js" name="SteamWidget renders loading state" time="0">
    </testcase>
    <testcase classname="src/components/widgets/steam/steam-widget.spec.js" name="TimeSpent renders humanized time correctly" time="0.001">
    </testcase>
  </testsuite>
  <testsuite name="PlaylistsErrorBoundary" errors="0" failures="0" skipped="0" timestamp="2025-06-11T04:26:02" time="0.068" tests="2">
    <testcase classname="src/components/widgets/spotify/playlist-error-boundary.spec.js" name="PlaylistsErrorBoundary renders its children when no error is thrown" time="0.002">
    </testcase>
    <testcase classname="src/components/widgets/spotify/playlist-error-boundary.spec.js" name="PlaylistsErrorBoundary catches errors from children and renders null" time="0.011">
    </testcase>
  </testsuite>
  <testsuite name="useNavigationData" errors="0" failures="0" skipped="0" timestamp="2025-06-11T04:26:02" time="0.031" tests="1">
    <testcase classname="src/hooks/use-navigation-data.spec.js" name="useNavigationData returns data used to render the top bar navigation links" time="0.004">
    </testcase>
  </testsuite>
  <testsuite name="Seo Component" errors="0" failures="0" skipped="0" timestamp="2025-06-11T04:26:02" time="0.162" tests="3">
    <testcase classname="src/components/seo.spec.js" name="Seo Component renders default SEO metadata tags" time="0.003">
    </testcase>
    <testcase classname="src/components/seo.spec.js" name="Seo Component renders article-specific meta tags when article prop is true" time="0.001">
    </testcase>
    <testcase classname="src/components/seo.spec.js" name="Seo Component renders image meta tags when image URL is provided" time="0.009">
    </testcase>
  </testsuite>
  <testsuite name="YouTube Shortcode" errors="0" failures="0" skipped="0" timestamp="2025-06-11T04:26:02" time="0.082" tests="2">
    <testcase classname="src/shortcodes/youtube.spec.js" name="YouTube Shortcode matches the snapshot" time="0.004">
    </testcase>
    <testcase classname="src/shortcodes/youtube.spec.js" name="YouTube Shortcode renders a default title if one is not provided" time="0">
    </testcase>
  </testsuite>
  <testsuite name="MetricBadge Component" errors="0" failures="0" skipped="0" timestamp="2025-06-11T04:26:02" time="0.126" tests="1">
    <testcase classname="src/components/widgets/metric-badge.spec.js" name="MetricBadge Component renders the children inside the Badge" time="0.002">
    </testcase>
  </testsuite>
  <testsuite name="WidgetHeader" errors="0" failures="0" skipped="0" timestamp="2025-06-11T04:26:02" time="0.03" tests="1">
    <testcase classname="src/components/widgets/widget-header.spec.js" name="WidgetHeader matches the snapshot" time="0.002">
    </testcase>
  </testsuite>
  <testsuite name="CardFooter" errors="0" failures="0" skipped="0" timestamp="2025-06-11T04:26:02" time="0.024" tests="1">
    <testcase classname="src/components/widgets/card-footer.spec.js" name="CardFooter matches the snapshot" time="0.001">
    </testcase>
  </testsuite>
  <testsuite name="Emoji Component" errors="0" failures="0" skipped="0" timestamp="2025-06-11T04:26:02" time="0.07" tests="3">
    <testcase classname="src/shortcodes/emoji.spec.js" name="Emoji Component renders the emoji with aria-hidden when no label is provided" time="0.001">
    </testcase>
    <testcase classname="src/shortcodes/emoji.spec.js" name="Emoji Component renders the emoji with aria-label when a label is provided" time="0.001">
    </testcase>
    <testcase classname="src/shortcodes/emoji.spec.js" name="Emoji Component renders the correct emoji children" time="0">
    </testcase>
  </testsuite>
  <testsuite name="useSocialProfiles" errors="0" failures="0" skipped="0" timestamp="2025-06-11T04:26:02" time="0.042" tests="2">
    <testcase classname="src/hooks/use-social-profiles.spec.js" name="useSocialProfiles returns the expected number of profiles" time="0.01">
    </testcase>
    <testcase classname="src/hooks/use-social-profiles.spec.js" name="useSocialProfiles selects data inside the `node` child" time="0.001">
    </testcase>
  </testsuite>
  <testsuite name="Media Post" errors="0" failures="0" skipped="0" timestamp="2025-06-11T04:26:02" time="0.051" tests="4">
    <testcase classname="src/templates/media.spec.js" name="Media Post renders correctly with no media sources" time="0.008">
    </testcase>
    <testcase classname="src/templates/media.spec.js" name="Media Post renders correctly with a YouTube source" time="0.002">
    </testcase>
    <testcase classname="src/templates/media.spec.js" name="Media Post renders correctly with a SoundCloud source" time="0.001">
    </testcase>
    <testcase classname="src/templates/media.spec.js" name="Media Post renders the Head component with SEO data" time="0.001">
    </testcase>
  </testsuite>
  <testsuite name="PostCard" errors="0" failures="0" skipped="0" timestamp="2025-06-11T04:26:02" time="0.044" tests="1">
    <testcase classname="src/components/widgets/recent-posts/post-card.spec.js" name="PostCard matches the snapshot" time="0.003">
    </testcase>
  </testsuite>
  <testsuite name="SoundCloud Shortcode" errors="0" failures="0" skipped="0" timestamp="2025-06-11T04:26:02" time="0.062" tests="6">
    <testcase classname="src/shortcodes/soundcloud.spec.js" name="SoundCloud Shortcode matches the snapshot in light mode" time="0.001">
    </testcase>
    <testcase classname="src/shortcodes/soundcloud.spec.js" name="SoundCloud Shortcode matches the snapshot in dark mode" time="0.001">
    </testcase>
    <testcase classname="src/shortcodes/soundcloud.spec.js" name="SoundCloud Shortcode renders a default title if one is not provided" time="0.001">
    </testcase>
    <testcase classname="src/shortcodes/soundcloud.spec.js" name="SoundCloud Shortcode includes the correct accent color in light mode" time="0.001">
    </testcase>
    <testcase classname="src/shortcodes/soundcloud.spec.js" name="SoundCloud Shortcode includes the correct accent color in dark mode" time="0">
    </testcase>
    <testcase classname="src/shortcodes/soundcloud.spec.js" name="SoundCloud Shortcode includes the correct track ID in the URL" time="0.004">
    </testcase>
  </testsuite>
  <testsuite name="RootWrapper" errors="0" failures="0" skipped="0" timestamp="2025-06-11T04:26:02" time="0.049" tests="2">
    <testcase classname="src/components/root-wrapper.spec.js" name="RootWrapper renders children and AudioPlayer" time="0.002">
    </testcase>
    <testcase classname="src/components/root-wrapper.spec.js" name="RootWrapper passes correct props to AudioPlayer" time="0">
    </testcase>
  </testsuite>
  <testsuite name="TrackPreview" errors="0" failures="0" skipped="0" timestamp="2025-06-11T04:26:02" time="0.055" tests="1">
    <testcase classname="src/components/widgets/spotify/track-preview.spec.js" name="TrackPreview matches the snapshot" time="0.004">
    </testcase>
  </testsuite>
  <testsuite name="Book" errors="0" failures="0" skipped="0" timestamp="2025-06-11T04:26:02" time="0.067" tests="2">
    <testcase classname="src/components/artwork/book.spec.js" name="Book matches the snapshot" time="0.001">
    </testcase>
    <testcase classname="src/components/artwork/book.spec.js" name="Book renders an image using the image prop" time="0">
    </testcase>
  </testsuite>
  <testsuite name="Blog Post" errors="0" failures="0" skipped="0" timestamp="2025-06-11T04:26:02" time="0.058" tests="3">
    <testcase classname="src/templates/post.spec.js" name="Blog Post matches the snapshot" time="0.009">
    </testcase>
    <testcase classname="src/templates/post.spec.js" name="Blog Post does not render category when not provided" time="0">
    </testcase>
    <testcase classname="src/templates/post.spec.js" name="Blog Post renders Seo component with the correct props" time="0">
    </testcase>
  </testsuite>
  <testsuite name="MetricCard" errors="0" failures="0" skipped="0" timestamp="2025-06-11T04:26:02" time="0.042" tests="1">
    <testcase classname="src/components/widgets/metric-card.spec.js" name="MetricCard matches the snapshot" time="0.001">
    </testcase>
  </testsuite>
  <testsuite name="Metadata Selectors" errors="0" failures="0" skipped="0" timestamp="2025-06-11T04:26:02" time="0.04" tests="15">
    <testcase classname="src/selectors/metadata.spec.js" name="Metadata Selectors selects the avatar URL" time="0.001">
    </testcase>
    <testcase classname="src/selectors/metadata.spec.js" name="Metadata Selectors selects the site base URL" time="0">
    </testcase>
    <testcase classname="src/selectors/metadata.spec.js" name="Metadata Selectors selects the site open graph description" time="0">
    </testcase>
    <testcase classname="src/selectors/metadata.spec.js" name="Metadata Selectors selects the github username" time="0">
    </testcase>
    <testcase classname="src/selectors/metadata.spec.js" name="Metadata Selectors selects the github widget data source" time="0">
    </testcase>
    <testcase classname="src/selectors/metadata.spec.js" name="Metadata Selectors selects the goodreads username" time="0">
    </testcase>
    <testcase classname="src/selectors/metadata.spec.js" name="Metadata Selectors selects the goodreads widget data source" time="0">
    </testcase>
    <testcase classname="src/selectors/metadata.spec.js" name="Metadata Selectors selects the twitter username" time="0">
    </testcase>
    <testcase classname="src/selectors/metadata.spec.js" name="Metadata Selectors selects the home page headline text" time="0">
    </testcase>
    <testcase classname="src/selectors/metadata.spec.js" name="Metadata Selectors selects the home page subheadline text" time="0">
    </testcase>
    <testcase classname="src/selectors/metadata.spec.js" name="Metadata Selectors selects the open graph banner URL" time="0.001">
    </testcase>
    <testcase classname="src/selectors/metadata.spec.js" name="Metadata Selectors selects the instagram username" time="0">
    </testcase>
    <testcase classname="src/selectors/metadata.spec.js" name="Metadata Selectors selects the language code for the site" time="0">
    </testcase>
    <testcase classname="src/selectors/metadata.spec.js" name="Metadata Selectors selects the default site document title" time="0">
    </testcase>
    <testcase classname="src/selectors/metadata.spec.js" name="Metadata Selectors selects the site doc title template" time="0">
    </testcase>
  </testsuite>
  <testsuite name="MediaItemGrid" errors="0" failures="0" skipped="0" timestamp="2025-06-11T04:26:02" time="0.034" tests="2">
    <testcase classname="src/components/widgets/spotify/media-item-grid.spec.js" name="MediaItemGrid matches loading state snapshot" time="0.003">
    </testcase>
    <testcase classname="src/components/widgets/spotify/media-item-grid.spec.js" name="MediaItemGrid matches the ready state snapshot state" time="0.002">
    </testcase>
  </testsuite>
  <testsuite name="Widget" errors="0" failures="0" skipped="0" timestamp="2025-06-11T04:26:02" time="0.061" tests="2">
    <testcase classname="src/components/widgets/widget.spec.js" name="Widget matches the snapshot" time="0.002">
    </testcase>
    <testcase classname="src/components/widgets/widget.spec.js" name="Widget sets the widget id attribute when provided" time="0">
    </testcase>
  </testsuite>
  <testsuite name="Metadata Selectors" errors="0" failures="0" skipped="0" timestamp="2025-06-11T04:26:02" time="0.021" tests="1">
    <testcase classname="src/selectors/navigation.spec.js" name="Metadata Selectors selects the avatar URL" time="0">
    </testcase>
  </testsuite>
  <testsuite name="BookLink" errors="0" failures="0" skipped="0" timestamp="2025-06-11T04:26:02" time="0.058" tests="1">
    <testcase classname="src/components/widgets/goodreads/book-link.spec.js" name="BookLink matches the snapshot" time="0.001">
    </testcase>
  </testsuite>
  <testsuite name="GitHub Placeholder Renderer" errors="0" failures="0" skipped="0" timestamp="2025-06-11T04:26:02" time="0.027" tests="1">
    <testcase classname="src/components/widgets/github/renderers/placeholder.spec.js" name="GitHub Placeholder Renderer matches the snapshot" time="0.002">
    </testcase>
  </testsuite>
  <testsuite name="TopTracks Component" errors="0" failures="0" skipped="0" timestamp="2025-06-11T04:26:02" time="0.072" tests="4">
    <testcase classname="src/components/widgets/spotify/top-tracks.spec.js" name="TopTracks Component renders correctly with tracks" time="0.009">
    </testcase>
    <testcase classname="src/components/widgets/spotify/top-tracks.spec.js" name="TopTracks Component renders correctly when loading" time="0.001">
    </testcase>
    <testcase classname="src/components/widgets/spotify/top-tracks.spec.js" name="TopTracks Component handles tracks without a 300px image gracefully" time="0.001">
    </testcase>
    <testcase classname="src/components/widgets/spotify/top-tracks.spec.js" name="TopTracks Component renders correctly with no tracks" time="0.001">
    </testcase>
  </testsuite>
  <testsuite name="Reducers/Widgets" errors="0" failures="0" skipped="0" timestamp="2025-06-11T04:26:02" time="0.025" tests="6">
    <testcase classname="src/reducers/widgets.spec.js" name="Reducers/Widgets widget selectors selects the GitHub widget from state" time="0">
    </testcase>
    <testcase classname="src/reducers/widgets.spec.js" name="Reducers/Widgets widget selectors selects the Goodreads widget from state" time="0">
    </testcase>
    <testcase classname="src/reducers/widgets.spec.js" name="Reducers/Widgets widget selectors selects the Instagram widget from state" time="0.001">
    </testcase>
    <testcase classname="src/reducers/widgets.spec.js" name="Reducers/Widgets widget selectors selects the Spotify widget from state" time="0">
    </testcase>
    <testcase classname="src/reducers/widgets.spec.js" name="Reducers/Widgets widget reducer handles FETCH_DATASOURCE_SUCCESS" time="0">
    </testcase>
    <testcase classname="src/reducers/widgets.spec.js" name="Reducers/Widgets widget reducer handles FETCH_DATASOURCE_FAILURE" time="0">
    </testcase>
  </testsuite>
  <testsuite name="CallToAction" errors="0" failures="0" skipped="0" timestamp="2025-06-11T04:26:02" time="0.035" tests="5">
    <testcase classname="src/components/widgets/call-to-action.spec.js" name="CallToAction matches the snapshot" time="0.001">
    </testcase>
    <testcase classname="src/components/widgets/call-to-action.spec.js" name="CallToAction loading indicator doesn&apos;t a loading indicator by default" time="0.001">
    </testcase>
    <testcase classname="src/components/widgets/call-to-action.spec.js" name="CallToAction loading indicator renders a loading indicator" time="0.001">
    </testcase>
    <testcase classname="src/components/widgets/call-to-action.spec.js" name="CallToAction hyperlink vs Gatsby Router links renders a hyperlink by default" time="0">
    </testcase>
    <testcase classname="src/components/widgets/call-to-action.spec.js" name="CallToAction hyperlink vs Gatsby Router links renders a Gatsby Router link" time="0.002">
    </testcase>
  </testsuite>
  <testsuite name="getMetrics selector" errors="0" failures="0" skipped="0" timestamp="2025-06-11T04:26:02" time="0.015" tests="1">
    <testcase classname="src/selectors/github.spec.js" name="getMetrics selector returns memoized metrics" time="0.001">
    </testcase>
  </testsuite>
  <testsuite name="HomeHeaderContent" errors="0" failures="0" skipped="0" timestamp="2025-06-11T04:26:02" time="0.237" tests="3">
    <testcase classname="src/components/home-header-content.spec.js" name="HomeHeaderContent renders the header content correctly" time="0.038">
    </testcase>
    <testcase classname="src/components/home-header-content.spec.js" name="HomeHeaderContent applies wobble animation to emoji on mouse enter" time="0.012">
    </testcase>
    <testcase classname="src/components/home-header-content.spec.js" name="HomeHeaderContent removes wobble animation from emoji on animation end" time="0.009">
    </testcase>
  </testsuite>
  <testsuite name="goodreads selectors" errors="0" failures="0" skipped="0" timestamp="2025-06-11T04:26:02" time="0.028" tests="10">
    <testcase classname="src/selectors/goodreads.spec.js" name="goodreads selectors returns filtered books with thumbnails, max 12" time="0.002">
    </testcase>
    <testcase classname="src/selectors/goodreads.spec.js" name="goodreads selectors returns correct metrics" time="0">
    </testcase>
    <testcase classname="src/selectors/goodreads.spec.js" name="goodreads selectors returns empty metrics when no data" time="0.001">
    </testcase>
    <testcase classname="src/selectors/goodreads.spec.js" name="goodreads selectors returns user status from updates" time="0">
    </testcase>
    <testcase classname="src/selectors/goodreads.spec.js" name="goodreads selectors returns empty object if no userstatus/review update found" time="0">
    </testcase>
    <testcase classname="src/selectors/goodreads.spec.js" name="goodreads selectors returns profile display name" time="0">
    </testcase>
    <testcase classname="src/selectors/goodreads.spec.js" name="goodreads selectors returns hasFatalError true when state is FAILURE" time="0">
    </testcase>
    <testcase classname="src/selectors/goodreads.spec.js" name="goodreads selectors returns isLoading true when state is not SUCCESS" time="0">
    </testcase>
    <testcase classname="src/selectors/goodreads.spec.js" name="goodreads selectors returns isLoading false when state is SUCCESS" time="0">
    </testcase>
    <testcase classname="src/selectors/goodreads.spec.js" name="goodreads selectors returns default fallbacks when state is empty" time="0">
    </testcase>
  </testsuite>
  <testsuite name="ViewExternal" errors="0" failures="0" skipped="0" timestamp="2025-06-11T04:26:02" time="0.039" tests="1">
    <testcase classname="src/components/widgets/view-external.spec.js" name="ViewExternal matches the snapshot" time="0.01">
    </testcase>
  </testsuite>
  <testsuite name="rootReducer" errors="0" failures="0" skipped="0" timestamp="2025-06-11T04:26:02" time="0.021" tests="3">
    <testcase classname="src/reducers/index.spec.js" name="rootReducer returns the initial state when no action is passed" time="0">
    </testcase>
    <testcase classname="src/reducers/index.spec.js" name="rootReducer delegates actions to the widgetsReducer" time="0">
    </testcase>
    <testcase classname="src/reducers/index.spec.js" name="rootReducer does not modify unrelated reducers" time="0">
    </testcase>
  </testsuite>
  <testsuite name="isDarkMode" errors="0" failures="0" skipped="0" timestamp="2025-06-11T04:26:02" time="0.023" tests="2">
    <testcase classname="src/helpers/isDarkMode.spec.js" name="isDarkMode returns true when the color mode is dark" time="0">
    </testcase>
    <testcase classname="src/helpers/isDarkMode.spec.js" name="isDarkMode returns false when the color mode is not dark" time="0">
    </testcase>
  </testsuite>
  <testsuite name="StatusCard" errors="0" failures="0" skipped="0" timestamp="2025-06-11T04:26:02" time="0.036" tests="1">
    <testcase classname="src/components/widgets/status-card.spec.js" name="StatusCard matches the snapshot" time="0.001">
    </testcase>
  </testsuite>
  <testsuite name="fetchDataSource (using fetch)" errors="0" failures="0" skipped="0" timestamp="2025-06-11T04:26:02" time="0.024" tests="2">
    <testcase classname="src/actions/fetchDataSource.spec.js" name="fetchDataSource (using fetch) fetches data and dispatches the expected action on success" time="0">
    </testcase>
    <testcase classname="src/actions/fetchDataSource.spec.js" name="fetchDataSource (using fetch) fetches data and dispatches the expected action on failure" time="0.001">
    </testcase>
  </testsuite>
  <testsuite name="useSiteMetadata" errors="0" failures="0" skipped="0" timestamp="2025-06-11T04:26:02" time="0.034" tests="1">
    <testcase classname="src/hooks/use-site-metadata.spec.js" name="useSiteMetadata returns the site metadata" time="0.001">
    </testcase>
  </testsuite>
  <testsuite name="audioPlayer reducer" errors="0" failures="0" skipped="0" timestamp="2025-06-11T04:26:02" time="0.034" tests="4">
    <testcase classname="src/reducers/audioPlayer.spec.js" name="audioPlayer reducer should return the initial state" time="0.001">
    </testcase>
    <testcase classname="src/reducers/audioPlayer.spec.js" name="audioPlayer reducer should handle setSoundcloudTrack" time="0">
    </testcase>
    <testcase classname="src/reducers/audioPlayer.spec.js" name="audioPlayer reducer should handle hidePlayer" time="0">
    </testcase>
    <testcase classname="src/reducers/audioPlayer.spec.js" name="audioPlayer reducer should handle clearTrack" time="0">
    </testcase>
  </testsuite>
  <testsuite name="FlickrWidget" errors="0" failures="0" skipped="0" timestamp="2025-06-11T04:26:01" time="0.913" tests="13">
    <testcase classname="src/components/widgets/flickr/flickr-widget.spec.js" name="FlickrWidget renders without crashing" time="0.085">
    </testcase>
    <testcase classname="src/components/widgets/flickr/flickr-widget.spec.js" name="FlickrWidget renders placeholders when isLoading is true" time="0.008">
    </testcase>
    <testcase classname="src/components/widgets/flickr/flickr-widget.spec.js" name="FlickrWidget renders photos when isLoading is false" time="0.035">
    </testcase>
    <testcase classname="src/components/widgets/flickr/flickr-widget.spec.js" name="FlickrWidget toggles between &quot;Show More&quot; and &quot;Show Less&quot;" time="0.011">
    </testcase>
    <testcase classname="src/components/widgets/flickr/flickr-widget.spec.js" name="FlickrWidget opens LightGallery when a photo is clicked" time="0.009">
    </testcase>
    <testcase classname="src/components/widgets/flickr/flickr-widget.spec.js" name="FlickrWidget calls VanillaTilt.init when isShowingMore or !isLoading is true" time="0.031">
    </testcase>
    <testcase classname="src/components/widgets/flickr/flickr-widget.spec.js" name="FlickrWidget assigns lightGalleryRef correctly on initialization" time="0.012">
    </testcase>
    <testcase classname="src/components/widgets/flickr/flickr-widget.spec.js" name="FlickrWidget initializes LightGallery with correct photo data" time="0.017">
    </testcase>
    <testcase classname="src/components/widgets/flickr/flickr-widget.spec.js" name="FlickrWidget handles fatal error state correctly" time="0.007">
    </testcase>
    <testcase classname="src/components/widgets/flickr/flickr-widget.spec.js" name="FlickrWidget renders metrics correctly" time="0.008">
    </testcase>
    <testcase classname="src/components/widgets/flickr/flickr-widget.spec.js" name="FlickrWidget handles missing metrics data gracefully" time="0.009">
    </testcase>
    <testcase classname="src/components/widgets/flickr/flickr-widget.spec.js" name="FlickrWidget renders CallToAction with correct Flickr profile URL" time="0.012">
    </testcase>
    <testcase classname="src/components/widgets/flickr/flickr-widget.spec.js" name="FlickrWidget renders correct number of images based on show more/less state" time="0.229">
    </testcase>
  </testsuite>
</testsuites>